Log
Begin sample: 0, End sample: 200.
Finished sample 624
Finished Calculating Response!
Writing to file!
Finished response!
Writing final timing to log file!
Time spent: 0h 0min 0s
Finished sample 625
Finished sample 626
Finished sample 627
Finished sample 628
Finished sample 629
Finished sample 630
Finished sample 631
Finished sample 632
Finished sample 633
Finished sample 634
Finished sample 635
Finished sample 636
Finished sample 637
Finished sample 638
Finished sample 639
Finished sample 640
Finished sample 641
Finished sample 642
Finished sample 643
Finished sample 644
Finished sample 645
Finished sample 646
Finished sample 647
Finished sample 648
Finished sample 649
Finished sample 650
Finished sample 651
Finished sample 652
Finished sample 653
Finished sample 654
Finished sample 655
Finished sample 656
Finished sample 657
Finished sample 658
Finished sample 659
Finished sample 660
Finished sample 661
Finished sample 662
Finished sample 663
Finished sample 664
Finished sample 665
Finished sample 666
Finished sample 667
Finished sample 668
Finished sample 669
Finished sample 670
Finished sample 671
Finished sample 672
Finished sample 673
Finished sample 674
Finished sample 675
Finished sample 676
Finished sample 677
Finished sample 678
Finished sample 679
Finished sample 680
Finished sample 681
Finished sample 682
Finished sample 683
Finished sample 684
Finished sample 685
Finished sample 686
Finished sample 687
Finished sample 688
Finished sample 689
Finished sample 690
Finished sample 691
Finished sample 692
Finished sample 693
Finished sample 694
Finished sample 695
Finished sample 696
Finished sample 697
Finished sample 698
Finished sample 699
Finished sample 700
Finished sample 701
Finished sample 702
Finished sample 703
Finished sample 704
Finished sample 705
Finished sample 706
Finished sample 707
Finished sample 708
Finished sample 709
Finished sample 710
Finished sample 711
Finished sample 712
Finished sample 713
Finished sample 714
Finished sample 715
Finished sample 716
Finished sample 717
Finished sample 718
Finished sample 719
Finished sample 720
Finished sample 721
Finished sample 722
Finished sample 723
Finished sample 724
Finished sample 725
Finished sample 726
Finished sample 727
Finished sample 728
Finished sample 729
Finished sample 730
Finished sample 731
Finished sample 732
Finished sample 733
Finished sample 734
Finished sample 735
Finished sample 736
Finished sample 737
Finished sample 738
Finished sample 739
Finished sample 740
Finished sample 741
Finished sample 742
Finished sample 743
Finished sample 744
Finished sample 745
Finished sample 746
Finished sample 747
Finished sample 748
Finished sample 749
Finished sample 750
Finished sample 751
Finished sample 752
Finished sample 753
Finished sample 754
Finished sample 755
Finished sample 756
Finished sample 757
Finished sample 758
Finished sample 759
Finished sample 760
Finished sample 761
Finished sample 762
Finished sample 763
Finished sample 764
Finished sample 765
Finished sample 766
Finished sample 767
Finished sample 768
Finished sample 769
Finished sample 770
Finished sample 771
Finished sample 772
Finished sample 773
Finished sample 774
Finished sample 775
Finished sample 776
Finished sample 777
Finished sample 778
Finished sample 779
Finished sample 780
Finished sample 781
Finished sample 782
Finished sample 783
Finished sample 784
Finished sample 785
Finished sample 786
Finished sample 787
Finished sample 788
Finished sample 789
Finished sample 790
Finished sample 791
Finished sample 792
Finished sample 793
Finished sample 794
Finished sample 795
Finished sample 796
Finished sample 797
Finished sample 798
Finished sample 799
Finished sample 800
Finished sample 801
Finished sample 802
Finished sample 803
Finished sample 804
Finished sample 805
Finished sample 806
Finished sample 807
Finished sample 808
Finished sample 809
Finished sample 810
Finished sample 811
Finished sample 812
Finished sample 813
Finished sample 814
Finished sample 815
Finished sample 816
Finished sample 817
Finished sample 818
Finished sample 819
Finished sample 820
Finished sample 821
Finished sample 822
Finished sample 823
Finished sample 824
Finished sample 825
Finished sample 826
Finished sample 827
Finished sample 828
Finished sample 829
Finished sample 830
Finished sample 831
Finished sample 832
Finished sample 833
Finished sample 834
Finished sample 835
Finished sample 836
Finished sample 837
Finished sample 838
Finished sample 839
Finished sample 840
Finished sample 841
Finished sample 842
Finished sample 843
Finished sample 844
Finished sample 845
Finished sample 846
Finished sample 847
Finished sample 848
Finished sample 849
Finished sample 850
Finished sample 851
Finished sample 852
Finished sample 853
Finished sample 854
Finished sample 855
Finished sample 856
Finished sample 857
Finished sample 858
Finished sample 859
Finished sample 860
Finished sample 861
Finished sample 862
Finished sample 863
Finished sample 864
Finished sample 865
Finished sample 866
Finished sample 867
Finished sample 868
Finished sample 869
Finished sample 870
Finished sample 871
Finished sample 872
Finished sample 873
Finished sample 874
Finished sample 875
Finished sample 876
Finished sample 877
Finished sample 878
Finished sample 879
Finished sample 880
Finished sample 881
Finished sample 882
Finished sample 883
Finished sample 884
Finished sample 885
Finished sample 886
Finished sample 887
Finished sample 888
Finished sample 889
Finished sample 890
Finished sample 891
Finished sample 892
Finished sample 893
Finished sample 894
Finished sample 895
Finished sample 896
Finished sample 897
Finished sample 898
Finished sample 899
Finished sample 900
Finished sample 901
Finished sample 902
Finished sample 903
Finished sample 904
Finished sample 905
Finished sample 906
Finished sample 907
Finished sample 908
Finished sample 909
Finished sample 910
Finished sample 911
Finished sample 912
Finished sample 913
Finished sample 914
Finished sample 915
Finished sample 916
Finished sample 917
Finished sample 918
Finished sample 919
Finished sample 920
Finished sample 921
Finished sample 922
Finished sample 923
Finished sample 924
Finished sample 925
Finished sample 926
Finished sample 927
Finished sample 928
Finished sample 929
Finished sample 930
Finished sample 931
Finished sample 932
Finished sample 933
Finished sample 934
Finished sample 935
Finished sample 936
Finished sample 937
Finished sample 938
Finished sample 939
Finished sample 940
Finished sample 941
Finished sample 942
Finished sample 943
Finished sample 944
Finished sample 945
Finished sample 946
Finished sample 947
Finished sample 948
Finished sample 949
Finished sample 950
Finished sample 951
Finished sample 952
Finished sample 953
Finished sample 954
Finished sample 955
Finished sample 956
Finished sample 957
Finished sample 958
Finished sample 959
Finished sample 960
Finished sample 961
Finished sample 962
Finished sample 963
Finished sample 964
Finished sample 965
Finished sample 966
Finished sample 967
Finished sample 968
Finished sample 969
Finished sample 970
Finished sample 971
Finished sample 972
Finished sample 973
Finished sample 974
Finished sample 975
Finished sample 976
Finished sample 977
Finished sample 978
Finished sample 979
Finished sample 980
Finished sample 981
Finished sample 982
Finished sample 983
Finished sample 984
Finished sample 985
Finished sample 986
Finished sample 987
Finished sample 988
Finished sample 989
Finished sample 990
Finished sample 991
Finished sample 992
Finished sample 993
Finished sample 994
Finished sample 995
Finished sample 996
Finished sample 997
Finished sample 998
Finished sample 999
Finished sample 1000
Finished sample 1001
Finished sample 1002
Finished sample 1003
Finished sample 1004
Finished sample 1005
Finished sample 1006
Finished sample 1007
Finished sample 1008
Finished sample 1009
Finished sample 1010
Finished sample 1011
Finished sample 1012
Finished sample 1013
Finished sample 1014
Finished sample 1015
Finished sample 1016
Finished sample 1017
Finished sample 1018
Finished sample 1019
Finished sample 1020
Finished sample 1021
Finished sample 1022
Finished sample 1023
Finished sample 1024
Finished sample 1025
Finished sample 1026
Finished sample 1027
Finished sample 1028
Finished sample 1029
Finished sample 1030
Finished sample 1031
Finished sample 1032
Finished sample 1033
Finished sample 1034
Finished sample 1035
Finished sample 1036
Finished sample 1037
Finished sample 1038
Finished sample 1039
Finished sample 1040
Finished sample 1041
Finished sample 1042
Finished sample 1043
Finished sample 1044
Finished sample 1045
Finished sample 1046
Finished sample 1047
Finished sample 1048
Finished sample 1049
Finished sample 1050
Finished sample 1051
Finished sample 1052
Finished sample 1053
Finished sample 1054
Finished sample 1055
Finished sample 1056
Finished sample 1057
Finished sample 1058
Finished sample 1059
Finished sample 1060
Finished sample 1061
Finished sample 1062
Finished sample 1063
Finished sample 1064
Finished sample 1065
Finished sample 1066
Finished sample 1067
Finished sample 1068
Finished sample 1069
Finished sample 1070
Finished sample 1071
Finished sample 1072
Finished sample 1073
Finished sample 1074
Finished sample 1075
Finished sample 1076
Finished sample 1077
Finished sample 1078
Finished sample 1079
Finished sample 1080
Finished sample 1081
Finished sample 1082
Finished sample 1083
Finished sample 1084
Finished sample 1085
Finished sample 1086
Finished sample 1087
Finished sample 1088
Finished sample 1089
Finished sample 1090
Finished sample 1091
Finished sample 1092
Finished sample 1093
Finished sample 1094
Finished sample 1095
Finished sample 1096
Finished sample 1097
Finished sample 1098
Finished sample 1099
Finished sample 1100
Finished sample 1101
Finished sample 1102
Finished sample 1103
Finished sample 1104
Finished sample 1105
Finished sample 1106
Finished sample 1107
Finished sample 1108
Finished sample 1109
Finished sample 1110
Finished sample 1111
Finished sample 1112
Finished sample 1113
Finished sample 1114
Finished sample 1115
Finished sample 1116
Finished sample 1117
Finished sample 1118
Finished sample 1119
Finished sample 1120
Finished sample 1121
Finished sample 1122
Finished sample 1123
Finished sample 1124
Finished sample 1125
Finished sample 1126
Finished sample 1127
Finished sample 1128
Finished sample 1129
Finished sample 1130
Finished sample 1131
Finished sample 1132
Finished sample 1133
Finished sample 1134
Finished sample 1135
Finished sample 1136
Finished sample 1137
Finished sample 1138
Finished sample 1139
Finished sample 1140
Finished sample 1141
Finished sample 1142
Finished sample 1143
Finished sample 1144
Finished sample 1145
Finished sample 1146
Finished sample 1147
Finished sample 1148
Finished sample 1149
Finished sample 1150
Finished sample 1151
Finished sample 1152
Finished sample 1153
Finished sample 1154
Finished sample 1155
Finished sample 1156
Finished sample 1157
Finished sample 1158
Finished sample 1159
Finished sample 1160
Finished sample 1161
Finished sample 1162
Finished sample 1163
Finished sample 1164
Finished sample 1165
Finished sample 1166
Finished sample 1167
Finished sample 1168
Finished sample 1169
Finished sample 1170
Finished sample 1171
Finished sample 1172
Finished sample 1173
Finished sample 1174
Finished sample 1175
Finished sample 1176
Finished sample 1177
Finished sample 1178
Finished sample 1179
Finished sample 1180
Finished sample 1181
Finished sample 1182
Finished sample 1183
Finished sample 1184
Finished sample 1185
Finished sample 1186
Finished sample 1187
Finished sample 1188
Finished sample 1189
Finished sample 1190
Finished sample 1191
Finished sample 1192
Finished sample 1193
Finished sample 1194
Finished sample 1195
Finished sample 1196
Finished sample 1197
Finished sample 1198
Finished sample 1199
Finished sample 1200
Finished sample 1201
Finished sample 1202
Finished sample 1203
Finished sample 1204
Finished sample 1205
Finished sample 1206
Finished sample 1207
Finished sample 1208
Finished sample 1209
Finished sample 1210
Finished sample 1211
Finished sample 1212
Finished sample 1213
Finished sample 1214
Finished sample 1215
Finished sample 1216
Finished sample 1217
Finished sample 1218
Finished sample 1219
Finished sample 1220
Finished sample 1221
Finished sample 1222
Finished sample 1223
Finished sample 1224
Finished sample 1225
Finished sample 1226
Finished sample 1227
Finished sample 1228
Finished sample 1229
Finished sample 1230
Finished sample 1231
Finished sample 1232
Finished sample 1233
Finished sample 1234
Finished sample 1235
Finished sample 1236
Finished sample 1237
Finished sample 1238
Finished sample 1239
Finished sample 1240
Finished sample 1241
Finished sample 1242
Finished sample 1243
Finished sample 1244
Finished sample 1245
Finished sample 1246
Finished sample 1247
Finished sample 1248
Finished sample 1249
Finished sample 1250
Finished sample 1251
Finished sample 1252
Finished sample 1253
Finished sample 1254
Finished sample 1255
Finished sample 1256
Finished sample 1257
Finished sample 1258
Finished sample 1259
Finished sample 1260
Finished sample 1261
Finished sample 1262
Finished sample 1263
Finished sample 1264
Finished sample 1265
Finished sample 1266
Finished sample 1267
Finished sample 1268
Finished sample 1269
Finished sample 1270
Finished sample 1271
Finished sample 1272
Finished sample 1273
Finished sample 1274
Finished sample 1275
Finished sample 1276
Finished sample 1277
Finished sample 1278
Finished sample 1279
Finished sample 1280
Finished sample 1281
Finished sample 1282
Finished sample 1283
Finished sample 1284
Finished sample 1285
Finished sample 1286
Finished sample 1287
Finished sample 1288
Finished sample 1289
Finished sample 1290
Finished sample 1291
Finished sample 1292
Finished sample 1293
Finished sample 1294
Finished sample 1295
Finished sample 1296
Finished sample 1297
Finished sample 1298
Finished sample 1299
Finished sample 1300
Finished sample 1301
Finished sample 1302
Finished sample 1303
Finished sample 1304
Finished sample 1305
Finished sample 1306
Finished sample 1307
Finished sample 1308
Finished sample 1309
Finished sample 1310
Finished sample 1311
Finished sample 1312
Finished sample 1313
Finished sample 1314
Finished sample 1315
Finished sample 1316
Finished sample 1317
Finished sample 1318
Finished sample 1319
Finished sample 1320
Finished sample 1321
Finished sample 1322
Finished sample 1323
Finished sample 1324
Finished sample 1325
Finished sample 1326
Finished sample 1327
Finished sample 1328
Finished sample 1329
Finished sample 1330
Finished sample 1331
Finished sample 1332
Finished sample 1333
Finished sample 1334
Finished sample 1335
Finished sample 1336
Finished sample 1337
Finished sample 1338
Finished sample 1339
Finished sample 1340
Finished sample 1341
Finished sample 1342
Finished sample 1343
Finished sample 1344
Finished sample 1345
Finished sample 1346
Finished sample 1347
Finished sample 1348
Finished sample 1349
Finished sample 1350
Finished sample 1351
Finished sample 1352
Finished sample 1353
Finished sample 1354
Finished sample 1355
Finished sample 1356
Finished sample 1357
Finished sample 1358
Finished sample 1359
Finished sample 1360
Finished sample 1361
Finished sample 1362
Finished sample 1363
Finished sample 1364
Finished sample 1365
Finished sample 1366
Finished sample 1367
Finished sample 1368
Finished sample 1369
Finished sample 1370
Finished sample 1371
Finished sample 1372
Finished sample 1373
Finished sample 1374
Finished sample 1375
Finished sample 1376
Finished sample 1377
Finished sample 1378
Finished sample 1379
Finished sample 1380
Finished sample 1381
Finished sample 1382
Finished sample 1383
Finished sample 1384
Finished sample 1385
Finished sample 1386
Finished sample 1387
Finished sample 1388
Finished sample 1389
Finished sample 1390
Finished sample 1391
Finished sample 1392
Finished sample 1393
Finished sample 1394
Finished sample 1395
Finished sample 1396
Finished sample 1397
Finished sample 1398
Finished sample 1399
Finished sample 1400
Finished sample 1401
Finished sample 1402
Finished sample 1403
Finished sample 1404
Finished sample 1405
Finished sample 1406
Finished sample 1407
Finished sample 1408
Finished sample 1409
Finished sample 1410
Finished sample 1411
Finished sample 1412
Finished sample 1413
Finished sample 1414
Finished sample 1415
Finished sample 1416
Finished sample 1417
Finished sample 1418
Finished sample 1419
Finished sample 1420
Finished sample 1421
Finished sample 1422
Finished sample 1423
Finished sample 1424
Finished sample 1425
Finished sample 1426
Finished sample 1427
Finished sample 1428
Finished sample 1429
Finished sample 1430
Finished sample 1431
Finished sample 1432
Finished sample 1433
Finished sample 1434
Finished sample 1435
Finished sample 1436
Finished sample 1437
Finished sample 1438
Finished sample 1439
Finished sample 1440
Finished sample 1441
Finished sample 1442
Finished sample 1443
Finished sample 1444
Finished sample 1445
Finished sample 1446
Finished sample 1447
Finished sample 1448
Finished sample 1449
Finished sample 1450
Finished sample 1451
Finished sample 1452
Finished sample 1453
Finished sample 1454
Finished sample 1455
Finished sample 1456
Finished sample 1457
Finished sample 1458
Finished sample 1459
Finished sample 1460
Finished sample 1461
Finished sample 1462
Finished sample 1463
Finished sample 1464
Finished sample 1465
Finished sample 1466
Finished sample 1467
Finished sample 1468
Finished sample 1469
Finished sample 1470
Finished sample 1471
Finished sample 1472
Finished sample 1473
Finished sample 1474
Finished sample 1475
Finished sample 1476
Finished sample 1477
Finished sample 1478
Finished sample 1479
Finished sample 1480
Finished sample 1481
Finished sample 1482
Finished sample 1483
Finished sample 1484
Finished sample 1485
Finished sample 1486
Finished sample 1487
Finished sample 1488
Finished sample 1489
Finished sample 1490
Finished sample 1491
Finished sample 1492
Finished sample 1493
Finished sample 1494
Finished sample 1495
Finished sample 1496
Finished sample 1497
Finished sample 1498
Finished sample 1499
Finished sample 1500
Finished sample 1501
Finished sample 1502
Finished sample 1503
Finished sample 1504
Finished sample 1505
Finished sample 1506
Finished sample 1507
Finished sample 1508
Finished sample 1509
Finished sample 1510
Finished sample 1511
Finished sample 1512
Finished sample 1513
Finished sample 1514
Finished sample 1515
Finished sample 1516
Finished sample 1517
Finished sample 1518
Finished sample 1519
Finished sample 1520
Finished sample 1521
Finished sample 1522
Finished sample 1523
Finished sample 1524
Finished sample 1525
Finished sample 1526
Finished sample 1527
Finished sample 1528
Finished sample 1529
Finished sample 1530
Finished sample 1531
Finished sample 1532
Finished sample 1533
Finished sample 1534
Finished sample 1535
Finished sample 1536
Finished sample 1537
Finished sample 1538
Finished sample 1539
Finished sample 1540
Finished sample 1541
Finished sample 1542
Finished sample 1543
Finished sample 1544
Finished sample 1545
Finished sample 1546
Finished sample 1547
Finished sample 1548
Finished sample 1549
Finished sample 1550
Finished sample 1551
Finished sample 1552
Finished sample 1553
Finished sample 1554
Finished sample 1555
Finished sample 1556
Finished sample 1557
Finished sample 1558
Finished sample 1559
Finished sample 1560
Finished sample 1561
Finished sample 1562
Finished sample 1563
Finished sample 1564
Finished sample 1565
Finished sample 1566
Finished sample 1567
Finished sample 1568
Finished sample 1569
Finished sample 1570
Finished sample 1571
Finished sample 1572
Finished sample 1573
Finished sample 1574
Finished sample 1575
Finished sample 1576
Finished sample 1577
Finished sample 1578
Finished sample 1579
Finished sample 1580
Finished sample 1581
Finished sample 1582
Finished sample 1583
Finished sample 1584
Finished sample 1585
Finished sample 1586
Finished sample 1587
Finished sample 1588
Finished sample 1589
Finished sample 1590
Finished sample 1591
Finished sample 1592
Finished sample 1593
Finished sample 1594
Finished sample 1595
Finished sample 1596
Finished sample 1597
Finished sample 1598
Finished sample 1599
Finished sample 1600
Finished sample 1601
Finished sample 1602
Finished sample 1603
Finished sample 1604
Finished sample 1605
Finished sample 1606
Finished sample 1607
Finished sample 1608
Finished sample 1609
Finished sample 1610
Finished sample 1611
Finished sample 1612
Finished sample 1613
Finished sample 1614
Finished sample 1615
Finished sample 1616
Finished sample 1617
Finished sample 1618
Finished sample 1619
Finished sample 1620
Finished sample 1621
Finished sample 1622
Finished sample 1623
Finished sample 1624
Finished sample 1625
Finished sample 1626
Finished sample 1627
Finished sample 1628
Finished sample 1629
Finished sample 1630
Finished sample 1631
Finished sample 1632
Finished sample 1633
Finished sample 1634
Finished sample 1635
Finished sample 1636
Finished sample 1637
Finished sample 1638
Finished sample 1639
Finished sample 1640
Finished sample 1641
Finished sample 1642
Finished sample 1643
Finished sample 1644
Finished sample 1645
Finished sample 1646
Finished sample 1647
Finished sample 1648
Finished sample 1649
Finished sample 1650
Finished sample 1651
Finished sample 1652
Finished sample 1653
Finished sample 1654
Finished sample 1655
Finished sample 1656
Finished sample 1657
Finished sample 1658
Finished sample 1659
Finished sample 1660
Finished sample 1661
Finished sample 1662
Finished sample 1663
Finished sample 1664
Finished sample 1665
Finished sample 1666
Finished sample 1667
Finished sample 1668
Finished sample 1669
Finished sample 1670
Finished sample 1671
Finished sample 1672
Finished sample 1673
Finished sample 1674
Finished sample 1675
Finished sample 1676
Finished sample 1677
Finished sample 1678
Finished sample 1679
Finished sample 1680
Finished sample 1681
Finished sample 1682
Finished sample 1683
Finished sample 1684
Finished sample 1685
Finished sample 1686
Finished sample 1687
Finished sample 1688
Finished sample 1689
Finished sample 1690
Finished sample 1691
Finished sample 1692
Finished sample 1693
Finished sample 1694
Finished sample 1695
Finished sample 1696
Finished sample 1697
Finished sample 1698
Finished sample 1699
Finished sample 1700
Finished sample 1701
Finished sample 1702
Finished sample 1703
Finished sample 1704
Finished sample 1705
Finished sample 1706
Finished sample 1707
Finished sample 1708
Finished sample 1709
Finished sample 1710
Finished sample 1711
Finished sample 1712
Finished sample 1713
Finished sample 1714
Finished sample 1715
Finished sample 1716
Finished sample 1717
Finished sample 1718
Finished sample 1719
Finished sample 1720
Finished sample 1721
Finished sample 1722
Finished sample 1723
Finished sample 1724
Finished sample 1725
Finished sample 1726
Finished sample 1727
Finished sample 1728
Finished sample 1729
Finished sample 1730
Finished sample 1731
Finished sample 1732
Finished sample 1733
Finished sample 1734
Finished sample 1735
Finished sample 1736
Finished sample 1737
Finished sample 1738
Finished sample 1739
Finished sample 1740
Finished sample 1741
Finished sample 1742
Finished sample 1743
Finished sample 1744
Finished sample 1745
Finished sample 1746
Finished sample 1747
Finished sample 1748
Finished sample 1749
Finished sample 1750
Finished sample 1751
Finished sample 1752
Finished sample 1753
Finished sample 1754
Finished sample 1755
Finished sample 1756
Finished sample 1757
Finished sample 1758
Finished sample 1759
Finished sample 1760
Finished sample 1761
Finished sample 1762
Finished sample 1763
Finished sample 1764
Finished sample 1765
Finished sample 1766
Finished sample 1767
Finished sample 1768
Finished sample 1769
Finished sample 1770
Finished sample 1771
Finished sample 1772
Finished sample 1773
Finished sample 1774
Finished sample 1775
Finished sample 1776
Finished sample 1777
Finished sample 1778
Finished sample 1779
Finished sample 1780
Finished sample 1781
Finished sample 1782
Finished sample 1783
Finished sample 1784
Finished sample 1785
Finished sample 1786
Finished sample 1787
Finished sample 1788
Finished sample 1789
Finished sample 1790
Finished sample 1791
Finished sample 1792
Finished sample 1793
Finished sample 1794
Finished sample 1795
Finished sample 1796
Finished sample 1797
Finished sample 1798
Finished sample 1799
Finished sample 1800
Finished sample 1801
Finished sample 1802
Finished sample 1803
Finished sample 1804
Finished sample 1805
Finished sample 1806
Finished sample 1807
Finished sample 1808
Finished sample 1809
Finished sample 1810
Finished sample 1811
Finished sample 1812
Finished sample 1813
Finished sample 1814
Finished sample 1815
Finished sample 1816
Finished sample 1817
Finished sample 1818
Finished sample 1819
Finished sample 1820
Finished sample 1821
Finished sample 1822
Finished sample 1823
Finished sample 1824
Finished sample 1825
Finished sample 1826
Finished sample 1827
Finished sample 1828
Finished sample 1829
Finished sample 1830
Finished sample 1831
Finished sample 1832
Finished sample 1833
Finished sample 1834
Finished sample 1835
Finished sample 1836
Finished sample 1837
Finished sample 1838
Finished sample 1839
Finished sample 1840
Finished sample 1841
Finished sample 1842
Finished sample 1843
Finished sample 1844
Finished sample 1845
Finished sample 1846
Finished sample 1847
Finished sample 1848
Finished sample 1849
Finished sample 1850
Finished sample 1851
Finished sample 1852
Finished sample 1853
Finished sample 1854
Finished sample 1855
Finished sample 1856
Finished sample 1857
Finished sample 1858
Finished sample 1859
Finished sample 1860
Finished sample 1861
Finished sample 1862
Finished sample 1863
Finished sample 1864
Finished sample 1865
Finished sample 1866
Finished sample 1867
Finished sample 1868
Finished sample 1869
Finished sample 1870
Finished sample 1871
Finished sample 1872
Finished sample 1873
Finished sample 1874
Finished sample 1875
Finished sample 1876
Finished sample 1877
Finished sample 1878
Finished sample 1879
Finished sample 1880
Finished sample 1881
Finished sample 1882
Finished sample 1883
Finished sample 1884
Finished sample 1885
Finished sample 1886
Finished sample 1887
Finished sample 1888
Finished sample 1889
Finished sample 1890
Finished sample 1891
Finished sample 1892
Finished sample 1893
Finished sample 1894
Finished sample 1895
Finished sample 1896
Finished sample 1897
Finished sample 1898
Finished sample 1899
Finished sample 1900
Finished sample 1901
Finished sample 1902
Finished sample 1903
Finished sample 1904
Finished sample 1905
Finished sample 1906
Finished sample 1907
Finished sample 1908
Finished sample 1909
Finished sample 1910
Finished sample 1911
Finished sample 1912
Finished sample 1913
Finished sample 1914
Finished sample 1915
Finished sample 1916
Finished sample 1917
Finished sample 1918
Finished sample 1919
Finished sample 1920
Finished sample 1921
Finished sample 1922
Finished sample 1923
Finished sample 1924
Finished sample 1925
Finished sample 1926
Finished sample 1927
Finished sample 1928
Finished sample 1929
Finished sample 1930
Finished sample 1931
Finished sample 1932
Finished sample 1933
Finished sample 1934
Finished sample 1935
Finished sample 1936
Finished sample 1937
Finished sample 1938
Finished sample 1939
Finished sample 1940
Finished sample 1941
Finished sample 1942
Finished sample 1943
Finished sample 1944
Finished sample 1945
Finished sample 1946
Finished sample 1947
Finished sample 1948
Finished sample 1949
Finished sample 1950
Finished sample 1951
Finished sample 1952
Finished sample 1953
Finished sample 1954
Finished sample 1955
Finished sample 1956
Finished sample 1957
Finished sample 1958
Finished sample 1959
Finished sample 1960
Finished sample 1961
Finished sample 1962
Finished sample 1963
Finished sample 1964
Finished sample 1965
Finished sample 1966
Finished sample 1967
Finished sample 1968
Finished sample 1969
Finished sample 1970
Finished sample 1971
Finished sample 1972
Finished sample 1973
Finished sample 1974
Finished sample 1975
Finished sample 1976
Finished sample 1977
Finished sample 1978
Finished sample 1979
Finished sample 1980
Finished sample 1981
Finished sample 1982
Finished sample 1983
Finished sample 1984
Finished sample 1985
Finished sample 1986
Finished sample 1987
Finished sample 1988
Finished sample 1989
Finished Calculating Response!
Writing to file!
Finished response!
Writing final timing to log file!
Time spent: 0h 28min 14s
